FILE_TYPE=LIBRARY_PARTS;
PRIMITIVE 'CR1216_MFR_SM','CR1216_MFR_SM_Other';
  PIN
    '+':
      PIN_NUMBER='(1)';
      NO_LOAD_CHECK=BOTH;
      NO_IO_CHECK=BOTH;
      ALLOW_CONNECT=TRUE;
      PINUSE='UNSPEC';
    '-':
      PIN_NUMBER='(2)';
      NO_LOAD_CHECK=BOTH;
      NO_IO_CHECK=BOTH;
      ALLOW_CONNECT=TRUE;
      PINUSE='UNSPEC';
  END_PIN;
  BODY
    PART_NAME='CR1216_MFR_SM';
    PHYS_DES_PREFIX='BT';
    NO_LOAD_CHECK='TRUE';
    PIN_COUNT='2';
    BODY_NAME='CR1216_MFR_SM';
    JEDEC_TYPE='CR1216MFRSM';
  END_BODY;
END_PRIMITIVE;
END.
